<?xml version="1.0" encoding="UTF-8" ?>
<testsuite failures="0" time="0.032" errors="0" skipped="0" tests="10" name="org.openapplicant.dao.hibernate.ResponseDAOTest">
  <properties>
[...]
</properties>
  <testcase time="0" classname="org.openapplicant.dao.hibernate.ResponseDAOTest" name="save_defaults"/>
  <testcase time="0" classname="org.openapplicant.dao.hibernate.ResponseDAOTest" name="save_grade"/>
  <testcase time="0.016" classname="org.openapplicant.dao.hibernate.ResponseDAOTest" name="findByGuid"/>
  <testcase time="0" classname="org.openapplicant.dao.hibernate.ResponseDAOTest" name="find_failed"/>
  <testcase time="0" classname="org.openapplicant.dao.hibernate.ResponseDAOTest" name="findByGuidOrNull"/>
  <testcase time="0" classname="org.openapplicant.dao.hibernate.ResponseDAOTest" name="findByGuid_failed"/>
  <testcase time="0" classname="org.openapplicant.dao.hibernate.ResponseDAOTest" name="find"/>
  <testcase time="0.016" classname="org.openapplicant.dao.hibernate.ResponseDAOTest" name="save"/>
  <testcase time="0" classname="org.openapplicant.dao.hibernate.ResponseDAOTest" name="delete"/>
  <testcase time="0" classname="org.openapplicant.dao.hibernate.ResponseDAOTest" name="validate"/>
</testsuite>